#
# A fatal error has been detected by the Java Runtime Environment:
#
#  EXCEPTION_ACCESS_VIOLATION (0xc0000005) at pc=0x00007ff94d055eac, pid=28176, tid=11468
#
# JRE version: Java(TM) SE Runtime Environment (17.0.6+9) (build 17.0.6+9-LTS-190)
# Java VM: Java HotSpot(TM) 64-Bit Server VM (17.0.6+9-LTS-190, mixed mode, sharing, tiered, compressed oops, compressed class ptrs, parallel gc, windows-amd64)
# Problematic frame:
# V  [jvm.dll+0x625eac]
#
# No core dump will be written. Minidumps are not enabled by default on client versions of Windows
#
# If you would like to submit a bug report, please visit:
#   https://bugreport.java.com/bugreport/crash.jsp
#

---------------  S U M M A R Y ------------

Command Line: --add-modules=ALL-SYSTEM --add-opens=java.base/java.util=ALL-UNNAMED --add-opens=java.base/java.lang=ALL-UNNAMED --add-opens=java.base/sun.nio.fs=ALL-UNNAMED -Declipse.application=org.eclipse.jdt.ls.core.id1 -Dosgi.bundles.defaultStartLevel=4 -Declipse.product=org.eclipse.jdt.ls.core.product -Djava.import.generatesMetadataFilesAtProjectRoot=false -Dfile.encoding=utf8 -XX:+UseParallelGC -XX:GCTimeRatio=4 -XX:AdaptiveSizePolicyWeight=90 -Dsun.zip.disableMemoryMapping=true -Xmx1G -Xms100m -Xlog:disable -javaagent:c:\Users\deyvi\.vscode\extensions\redhat.java-1.19.0-win32-x64\lombok\lombok-1.18.28.jar -XX:+HeapDumpOnOutOfMemoryError -XX:HeapDumpPath=c:\Users\deyvi\AppData\Roaming\Code\User\workspaceStorage\97a6d94f9f299c2223a6a34990fa6ac3\redhat.java -Daether.dependencyCollector.impl=bf c:\Users\deyvi\.vscode\extensions\redhat.java-1.19.0-win32-x64\server\plugins\org.eclipse.equinox.launcher_1.6.400.v20210924-0641.jar -configuration c:\Users\deyvi\AppData\Roaming\Code\User\globalStorage\redhat.java\1.19.0\config_win -data c:\Users\deyvi\AppData\Roaming\Code\User\workspaceStorage\97a6d94f9f299c2223a6a34990fa6ac3\redhat.java\jdt_ws

Host: Intel(R) Core(TM) i5-10300H CPU @ 2.50GHz, 8 cores, 7G,  Windows 10 , 64 bit Build 19041 (10.0.19041.3031)
Time: Sun Jun 25 20:27:41 2023 Hora oficial do Brasil elapsed time: 1999.790342 seconds (0d 0h 33m 19s)

---------------  T H R E A D  ---------------

Current thread (0x000001a3667b40f0):  JavaThread "pool-1-thread-1" [_thread_in_vm, id=11468, stack(0x00000047e3700000,0x00000047e3800000)]

Stack: [0x00000047e3700000,0x00000047e3800000],  sp=0x00000047e37fcdf0,  free space=1011k
Native frames: (J=compiled Java code, j=interpreted, Vv=VM code, C=native code)
V  [jvm.dll+0x625eac]
V  [jvm.dll+0x411a7c]
C  0x000001a3578a767e

Java frames: (J=compiled Java code, j=interpreted, Vv=VM code)
J 768  jdk.internal.reflect.Reflection.getCallerClass()Ljava/lang/Class; java.base@17.0.6 (0 bytes) @ 0x000001a3578a75e6 [0x000001a3578a75a0+0x0000000000000046]
J 3760 c1
[error occurred during error reporting (printing Java stack), id 0xc0000005, EXCEPTION_ACCESS_VIOLATION (0xc0000005) at pc=0x00007ff94d05776d]


siginfo: EXCEPTION_ACCESS_VIOLATION (0xc0000005), reading address 0x0000000000000018


Register to memory mapping:

RIP=0x00007ff94d055eac jvm.dll
RAX=0x00000008009ee758 is pointing into metadata
RBX={method} {0x0000000800360790} 
[error occurred during error reporting (printing register info), id 0xc0000005, EXCEPTION_ACCESS_VIOLATION (0xc0000005) at pc=0x00007ff94d0588f3]

Registers:
RAX=0x00000008009ee758, RBX=0x0000000800360788, RCX=0x0000000800360788, RDX=0x0000000000000000
RSP=0x00000047e37fcdf0, RBP=0x0000000000000000, RSI=0x000001a3667b40f0, RDI=0x0000000000000002
R8 =0x000000000000000a, R9 =0x000001a350521cce, R10=0x0000000000000273, R11=0x0000000000000001
R12=0x0000000000000000, R13=0x0000000000000368, R14=0x00000047e37fe2d0, R15=0x000001a3667b40f0
RIP=0x00007ff94d055eac, EFLAGS=0x0000000000010293

Top of Stack: (sp=0x00000047e37fcdf0)
0x00000047e37fcdf0:   000001a35051f910 000001a300000000
0x00000047e37fce00:   0000000000000000 00000047e37fe2f0
0x00000047e37fce10:   0000000800360788 00007ff94ce41a7c
0x00000047e37fce20:   000001a3667b40f0 0000000000000000
0x00000047e37fce30:   000001a3667b40f0 00007ff94ce4a102
0x00000047e37fce40:   000001a3667b40f0 00000047e37fcf00
0x00000047e37fce50:   0000000000000000 00000000000000d8
0x00000047e37fce60:   00007ff94d356d50 0000000000000000
0x00000047e37fce70:   000001a3667b4000 0000000000000000
0x00000047e37fce80:   00000000eb33ce00 0000000000000000
0x00000047e37fce90:   000000000000001b 000001a357889cfb
0x00000047e37fcea0:   00000000eb33ce10 00000000eb33cdf8
0x00000047e37fceb0:   00000000000009f4 0000000000000011
0x00000047e37fcec0:   00000000eb33cdf8 000001a3667b40f0
0x00000047e37fced0:   0000000000000003 00000000eb33ce30
0x00000047e37fcee0:   0000000000000000 00000000eb33ce20 

Instructions: (pc=0x00007ff94d055eac)
0x00007ff94d055dac:   40 28 a8 10 0f 95 c0 c3 32 c0 c3 cc cc cc cc cc
0x00007ff94d055dbc:   cc cc cc cc 48 89 5c 24 08 57 48 83 ec 20 48 8b
0x00007ff94d055dcc:   41 08 48 8b d9 66 83 78 20 05 0f 85 9c 00 00 00
0x00007ff94d055ddc:   66 83 78 2c 01 0f 85 91 00 00 00 48 8d 50 30 0f
0x00007ff94d055dec:   b6 40 30 3d ca 00 00 00 75 05 e8 d5 6b b0 ff 48
0x00007ff94d055dfc:   98 48 8d 3d cc a5 4c 00 83 3c 87 2a 75 6e 48 8b
0x00007ff94d055e0c:   53 08 48 83 c2 31 0f b6 02 3d ca 00 00 00 75 08
0x00007ff94d055e1c:   48 8b cb e8 ac 6b b0 ff 48 98 81 3c 87 b4 00 00
0x00007ff94d055e2c:   00 75 49 48 8b 53 08 48 83 c2 34 0f b6 02 3d ca
0x00007ff94d055e3c:   00 00 00 75 08 48 8b cb e8 87 6b b0 ff 48 63 c8
0x00007ff94d055e4c:   8b 14 8f 81 ea ac 00 00 00 74 14 83 ea 01 74 0f
0x00007ff94d055e5c:   83 ea 01 74 0a 83 ea 01 74 05 83 fa 01 75 0d b0
0x00007ff94d055e6c:   01 48 8b 5c 24 30 48 83 c4 20 5f c3 48 8b 5c 24
0x00007ff94d055e7c:   30 32 c0 48 83 c4 20 5f c3 cc cc cc cc cc cc cc
0x00007ff94d055e8c:   cc cc cc cc 40 53 48 83 ec 20 b8 52 01 00 00 48
0x00007ff94d055e9c:   8b d9 66 39 41 30 74 44 48 8b 41 08 48 8b 50 08
0x00007ff94d055eac:   48 8b 4a 18 48 8b 15 89 0b 51 00 e8 e4 22 f1 ff
0x00007ff94d055ebc:   84 c0 75 28 0f b7 4b 30 ba 53 01 00 00 8b c1 2b
0x00007ff94d055ecc:   c2 83 f8 06 77 05 66 3b ca 75 11 b8 5a 01 00 00
0x00007ff94d055edc:   66 3b c8 0f 94 c0 48 83 c4 20 5b c3 b0 01 48 83
0x00007ff94d055eec:   c4 20 5b c3 48 8b 41 08 4c 8b 40 08 0f b7 40 22
0x00007ff94d055efc:   49 8b 54 c0 48 48 3b 15 a8 9b 4f 00 74 28 48 3b
0x00007ff94d055f0c:   15 a7 9b 4f 00 75 1c 8b 41 28 c1 e8 03 a8 01 75
0x00007ff94d055f1c:   15 49 8b 40 18 48 8b 88 e0 00 00 00 66 83 79 30
0x00007ff94d055f2c:   33 72 03 32 c0 c3 b0 01 c3 cc cc cc cc cc cc cc
0x00007ff94d055f3c:   cc cc cc cc 48 89 5c 24 08 57 48 83 ec 20 48 8b
0x00007ff94d055f4c:   41 08 41 0f b6 d8 48 8b f9 45 33 c0 48 8b 48 08
0x00007ff94d055f5c:   e8 4f 50 c1 ff 84 db 74 2b 48 8b 57 08 48 8b 4a
0x00007ff94d055f6c:   08 48 63 d0 48 8b 49 08 0f b6 4c 11 04 80 f9 64
0x00007ff94d055f7c:   74 05 80 f9 67 75 0d 32 c0 48 8b 5c 24 30 48 83
0x00007ff94d055f8c:   c4 20 5f c3 8b d0 48 8b cf 48 8b 5c 24 30 48 83
0x00007ff94d055f9c:   c4 20 5f e9 0c 00 00 00 cc cc cc cc cc cc cc cc 


Stack slot to memory mapping:
stack at sp + 0 slots: 0x000001a35051f910 is at entry_point+-1040 in (nmethod*)0x000001a35051f910

[error occurred during error reporting (inspecting top of stack), id 0xc0000005, EXCEPTION_ACCESS_VIOLATION (0xc0000005) at pc=0x00007ff94d0586d0]


---------------  P R O C E S S  ---------------

Threads class SMR info:
_java_thread_list=0x000001a364d13240, length=25, elements={
0x000001a34850c320, 0x000001a360f3fb00, 0x000001a360f411e0, 0x000001a3485de400,
0x000001a360f4da80, 0x000001a360f50010, 0x000001a360f54c80, 0x000001a360f5d720,
0x000001a360f5f1d0, 0x000001a360f68390, 0x000001a3638c6640, 0x000001a3638c5ca0,
0x000001a3638c6170, 0x000001a3638c8320, 0x000001a3638c87f0, 0x000001a3638c6fe0,
0x000001a3638c9190, 0x000001a3638c57d0, 0x000001a3667b4f60, 0x000001a3667b62a0,
0x000001a3667b3280, 0x000001a3667b40f0, 0x000001a3667b6770, 0x000001a3667b5430,
0x000001a3667b4a90
}

Java Threads: ( => current thread )
  0x000001a34850c320 JavaThread "main" [_thread_blocked, id=26008, stack(0x00000047e1300000,0x00000047e1400000)]
  0x000001a360f3fb00 JavaThread "Reference Handler" daemon [_thread_blocked, id=29312, stack(0x00000047e1600000,0x00000047e1700000)]
  0x000001a360f411e0 JavaThread "Finalizer" daemon [_thread_blocked, id=3752, stack(0x00000047e1700000,0x00000047e1800000)]
  0x000001a3485de400 JavaThread "Signal Dispatcher" daemon [_thread_blocked, id=19848, stack(0x00000047e1800000,0x00000047e1900000)]
  0x000001a360f4da80 JavaThread "Attach Listener" daemon [_thread_blocked, id=14068, stack(0x00000047e1900000,0x00000047e1a00000)]
  0x000001a360f50010 JavaThread "Service Thread" daemon [_thread_blocked, id=23044, stack(0x00000047e1a00000,0x00000047e1b00000)]
  0x000001a360f54c80 JavaThread "Monitor Deflation Thread" daemon [_thread_blocked, id=13072, stack(0x00000047e1b00000,0x00000047e1c00000)]
  0x000001a360f5d720 JavaThread "C2 CompilerThread0" daemon [_thread_blocked, id=1284, stack(0x00000047e1c00000,0x00000047e1d00000)]
  0x000001a360f5f1d0 JavaThread "C1 CompilerThread0" daemon [_thread_blocked, id=4560, stack(0x00000047e1d00000,0x00000047e1e00000)]
  0x000001a360f68390 JavaThread "Sweeper thread" daemon [_thread_blocked, id=7932, stack(0x00000047e1e00000,0x00000047e1f00000)]
  0x000001a3638c6640 JavaThread "Common-Cleaner" daemon [_thread_blocked, id=10820, stack(0x00000047e1f00000,0x00000047e2000000)]
  0x000001a3638c5ca0 JavaThread "Notification Thread" daemon [_thread_blocked, id=30364, stack(0x00000047e2000000,0x00000047e2100000)]
  0x000001a3638c6170 JavaThread "Active Thread: Equinox Container: a6901584-149b-4350-909a-256c2f5347d6" [_thread_blocked, id=9532, stack(0x00000047e2900000,0x00000047e2a00000)]
  0x000001a3638c8320 JavaThread "Framework Event Dispatcher: Equinox Container: a6901584-149b-4350-909a-256c2f5347d6" daemon [_thread_blocked, id=13736, stack(0x00000047e2a00000,0x00000047e2b00000)]
  0x000001a3638c87f0 JavaThread "Start Level: Equinox Container: a6901584-149b-4350-909a-256c2f5347d6" daemon [_thread_blocked, id=13628, stack(0x00000047e2b00000,0x00000047e2c00000)]
  0x000001a3638c6fe0 JavaThread "SCR Component Actor" daemon [_thread_blocked, id=26412, stack(0x00000047e2c00000,0x00000047e2d00000)]
  0x000001a3638c9190 JavaThread "Worker-JM" [_thread_blocked, id=30816, stack(0x00000047e2f00000,0x00000047e3000000)]
  0x000001a3638c57d0 JavaThread "Java indexing" daemon [_thread_blocked, id=23648, stack(0x00000047e3300000,0x00000047e3400000)]
  0x000001a3667b4f60 JavaThread "JNA Cleaner" daemon [_thread_blocked, id=25304, stack(0x00000047e3400000,0x00000047e3500000)]
  0x000001a3667b62a0 JavaThread "pool-2-thread-1" [_thread_blocked, id=3208, stack(0x00000047e3500000,0x00000047e3600000)]
  0x000001a3667b3280 JavaThread "WorkspaceEventsHandler" [_thread_blocked, id=11836, stack(0x00000047e3600000,0x00000047e3700000)]
=>0x000001a3667b40f0 JavaThread "pool-1-thread-1" [_thread_in_vm, id=11468, stack(0x00000047e3700000,0x00000047e3800000)]
  0x000001a3667b6770 JavaThread "Worker-2" [_thread_blocked, id=8896, stack(0x00000047e3800000,0x00000047e3900000)]
  0x000001a3667b5430 JavaThread "Worker-3" [_thread_blocked, id=32368, stack(0x00000047e3900000,0x00000047e3a00000)]
  0x000001a3667b4a90 JavaThread "Bundle File Closer" daemon [_thread_blocked, id=3800, stack(0x00000047e3b00000,0x00000047e3c00000)]

Other Threads:
  0x000001a3485d5e40 VMThread "VM Thread" [stack: 0x00000047e1500000,0x00000047e1600000] [id=11692]
  0x000001a363a27af0 WatcherThread [stack: 0x00000047e2100000,0x00000047e2200000] [id=28404]
  0x000001a348521c30 GCTaskThread "GC Thread#0" [stack: 0x00000047e1400000,0x00000047e1500000] [id=5644]
  0x000001a363b6c5c0 GCTaskThread "GC Thread#1" [stack: 0x00000047e2300000,0x00000047e2400000] [id=20592]
  0x000001a363b717d0 GCTaskThread "GC Thread#2" [stack: 0x00000047e2400000,0x00000047e2500000] [id=3044]
  0x000001a363b71a80 GCTaskThread "GC Thread#3" [stack: 0x00000047e2500000,0x00000047e2600000] [id=5508]
  0x000001a363b71d30 GCTaskThread "GC Thread#4" [stack: 0x00000047e2600000,0x00000047e2700000] [id=17396]
  0x000001a363f28f30 GCTaskThread "GC Thread#5" [stack: 0x00000047e2700000,0x00000047e2800000] [id=30464]
  0x000001a363f291e0 GCTaskThread "GC Thread#6" [stack: 0x00000047e2800000,0x00000047e2900000] [id=26128]
  0x000001a36428bb60 GCTaskThread "GC Thread#7" [stack: 0x00000047e2d00000,0x00000047e2e00000] [id=29516]

Threads with active compile tasks:

VM state: not at safepoint (normal execution)

VM Mutex/Monitor currently owned by a thread: None

Heap address: 0x00000000c0000000, size: 1024 MB, Compressed Oops mode: 32-bit

CDS archive(s) mapped at: [0x0000000800000000-0x0000000800bd0000-0x0000000800bd0000), size 12386304, SharedBaseAddress: 0x0000000800000000, ArchiveRelocationMode: 0.
Compressed class space mapped at: 0x0000000800c00000-0x0000000840c00000, reserved size: 1073741824
Narrow klass base: 0x0000000800000000, Narrow klass shift: 0, Narrow klass range: 0x100000000

GC Precious Log:
 CPUs: 8 total, 8 available
 Memory: 7985M
 Large Page Support: Disabled
 NUMA Support: Disabled
 Compressed Oops: Enabled (32-bit)
 Alignments: Space 512K, Generation 512K, Heap 2M
 Heap Min Capacity: 100M
 Heap Initial Capacity: 100M
 Heap Max Capacity: 1G
 Pre-touch: Disabled
 Parallel Workers: 8

Heap:
 PSYoungGen      total 32256K, used 22271K [0x00000000eab00000, 0x00000000eed00000, 0x0000000100000000)
  eden space 18432K, 45% used [0x00000000eab00000,0x00000000eb33fe18,0x00000000ebd00000)
  from space 13824K, 100% used [0x00000000ebd00000,0x00000000eca80000,0x00000000eca80000)
  to   space 24576K, 0% used [0x00000000ed500000,0x00000000ed500000,0x00000000eed00000)
 ParOldGen       total 96768K, used 80792K [0x00000000c0000000, 0x00000000c5e80000, 0x00000000eab00000)
  object space 96768K, 83% used [0x00000000c0000000,0x00000000c4ee63b0,0x00000000c5e80000)
 Metaspace       used 61493K, committed 62784K, reserved 1105920K
  class space    used 6542K, committed 7104K, reserved 1048576K

Card table byte_map: [0x000001a347ee0000,0x000001a3480f0000] _byte_map_base: 0x000001a3478e0000

Marking Bits: (ParMarkBitMap*) 0x00007ff94d5495f0
 Begin Bits: [0x000001a35ed90000, 0x000001a35fd90000)
 End Bits:   [0x000001a35fd90000, 0x000001a360d90000)

Polling page: 0x000001a3466b0000

Metaspace:

Usage:
  Non-class:     53.66 MB used.
      Class:      6.39 MB used.
       Both:     60.05 MB used.

Virtual space:
  Non-class space:       56.00 MB reserved,      54.38 MB ( 97%) committed,  7 nodes.
      Class space:        1.00 GB reserved,       6.94 MB ( <1%) committed,  1 nodes.
             Both:        1.05 GB reserved,      61.31 MB (  6%) committed. 

Chunk freelists:
   Non-Class:  815.00 KB
       Class:  908.00 KB
        Both:  1.68 MB

MaxMetaspaceSize: unlimited
CompressedClassSpaceSize: 1.00 GB
Initial GC threshold: 21.00 MB
Current GC threshold: 100.94 MB
CDS: on
MetaspaceReclaimPolicy: balanced
 - commit_granule_bytes: 65536.
 - commit_granule_words: 8192.
 - virtual_space_node_default_size: 1048576.
 - enlarge_chunks_in_place: 1.
 - new_chunks_are_fully_committed: 0.
 - uncommit_free_chunks: 1.
 - use_allocation_guard: 0.
 - handle_deallocations: 1.


Internal statistics:

num_allocs_failed_limit: 9.
num_arena_births: 776.
num_arena_deaths: 14.
num_vsnodes_births: 8.
num_vsnodes_deaths: 0.
num_space_committed: 981.
num_space_uncommitted: 0.
num_chunks_returned_to_freelist: 23.
num_chunks_taken_from_freelist: 3535.
num_chunk_merges: 13.
num_chunk_splits: 2238.
num_chunks_enlarged: 1336.
num_purges: 2.
num_inconsistent_stats: 0.

CodeHeap 'non-profiled nmethods': size=120000Kb used=4273Kb max_used=4597Kb free=115726Kb
 bounds [0x000001a357860000, 0x000001a357ce0000, 0x000001a35ed90000]
CodeHeap 'profiled nmethods': size=120000Kb used=14975Kb max_used=15449Kb free=105024Kb
 bounds [0x000001a34fd90000, 0x000001a350cb0000, 0x000001a3572c0000]
CodeHeap 'non-nmethods': size=5760Kb used=1344Kb max_used=1467Kb free=4415Kb
 bounds [0x000001a3572c0000, 0x000001a357530000, 0x000001a357860000]
 total_blobs=8180 nmethods=7493 adapters=601
 compilation: enabled
              stopped_count=0, restarted_count=0
 full_count=0

Compilation events (20 events):
Event: 1818.400 Thread 0x000001a360f5f1d0 8771   !   3       com.google.gson.Gson::toJson (148 bytes)
Event: 1818.411 Thread 0x000001a360f5f1d0 nmethod 8771 0x000001a350bb2290 code [0x000001a350bb2540, 0x000001a350bb3228]
Event: 1818.411 Thread 0x000001a360f5f1d0 8772   !   3       org.eclipse.core.internal.jobs.JobManager::changeState (554 bytes)
Event: 1818.425 Thread 0x000001a360f5f1d0 nmethod 8772 0x000001a350bad690 code [0x000001a350badc80, 0x000001a350bb0b48]
Event: 1891.593 Thread 0x000001a360f5f1d0 8773       3       java.util.concurrent.locks.AbstractQueuedSynchronizer$ConditionObject::unlinkCancelledWaiters (91 bytes)
Event: 1891.599 Thread 0x000001a360f5f1d0 nmethod 8773 0x000001a350becb90 code [0x000001a350becd40, 0x000001a350bed118]
Event: 1904.218 Thread 0x000001a360f5f1d0 8774       3       java.util.concurrent.ScheduledThreadPoolExecutor::triggerTime (22 bytes)
Event: 1904.219 Thread 0x000001a360f5f1d0 nmethod 8774 0x000001a350bec710 code [0x000001a350bec8c0, 0x000001a350becaa8]
Event: 1904.219 Thread 0x000001a360f5f1d0 8775       3       java.util.concurrent.ScheduledThreadPoolExecutor$DelayedWorkQueue::add (9 bytes)
Event: 1904.221 Thread 0x000001a360f5f1d0 nmethod 8775 0x000001a350bebf10 code [0x000001a350bec0c0, 0x000001a350bec388]
Event: 1904.221 Thread 0x000001a360f5f1d0 8776       3       java.util.concurrent.ScheduledThreadPoolExecutor$DelayedWorkQueue::add (6 bytes)
Event: 1904.221 Thread 0x000001a360f5f1d0 nmethod 8776 0x000001a350bad310 code [0x000001a350bad4c0, 0x000001a350bad608]
Event: 1914.223 Thread 0x000001a360f5f1d0 8777       3       java.util.concurrent.Executors$RunnableAdapter::call (14 bytes)
Event: 1914.224 Thread 0x000001a360f5f1d0 nmethod 8777 0x000001a350bace90 code [0x000001a350bad040, 0x000001a350bad228]
Event: 1914.224 Thread 0x000001a360f5f1d0 8778       3       java.util.concurrent.locks.AbstractQueuedSynchronizer$ConditionObject::awaitNanos (200 bytes)
Event: 1914.236 Thread 0x000001a360f5f1d0 nmethod 8778 0x000001a350bab510 code [0x000001a350bab7e0, 0x000001a350bac808]
Event: 1921.595 Thread 0x000001a360f5f1d0 8779       3       java.util.concurrent.ScheduledThreadPoolExecutor$DelayedWorkQueue::finishPoll (43 bytes)
Event: 1921.599 Thread 0x000001a360f5f1d0 nmethod 8779 0x000001a350baab90 code [0x000001a350baad60, 0x000001a350bab308]
Event: 1921.599 Thread 0x000001a360f5f1d0 8780       3       java.util.concurrent.ScheduledThreadPoolExecutor$ScheduledFutureTask::run (57 bytes)
Event: 1921.602 Thread 0x000001a360f5f1d0 nmethod 8780 0x000001a350baa390 code [0x000001a350baa5a0, 0x000001a350baaa18]

GC Heap History (20 events):
Event: 8.616 GC heap before
{Heap before GC invocations=39 (full 2):
 PSYoungGen      total 20992K, used 20992K [0x00000000eab00000, 0x00000000ec680000, 0x0000000100000000)
  eden space 19968K, 100% used [0x00000000eab00000,0x00000000ebe80000,0x00000000ebe80000)
  from space 1024K, 100% used [0x00000000ec280000,0x00000000ec380000,0x00000000ec380000)
  to   space 4096K, 0% used [0x00000000ebe80000,0x00000000ebe80000,0x00000000ec280000)
 ParOldGen       total 68608K, used 51234K [0x00000000c0000000, 0x00000000c4300000, 0x00000000eab00000)
  object space 68608K, 74% used [0x00000000c0000000,0x00000000c3208a00,0x00000000c4300000)
 Metaspace       used 57216K, committed 58432K, reserved 1105920K
  class space    used 6090K, committed 6656K, reserved 1048576K
}
Event: 8.619 GC heap after
{Heap after GC invocations=39 (full 2):
 PSYoungGen      total 23040K, used 2741K [0x00000000eab00000, 0x00000000ec480000, 0x0000000100000000)
  eden space 19968K, 0% used [0x00000000eab00000,0x00000000eab00000,0x00000000ebe80000)
  from space 3072K, 89% used [0x00000000ebe80000,0x00000000ec12d730,0x00000000ec180000)
  to   space 3072K, 0% used [0x00000000ec180000,0x00000000ec180000,0x00000000ec480000)
 ParOldGen       total 68608K, used 52292K [0x00000000c0000000, 0x00000000c4300000, 0x00000000eab00000)
  object space 68608K, 76% used [0x00000000c0000000,0x00000000c3311300,0x00000000c4300000)
 Metaspace       used 57216K, committed 58432K, reserved 1105920K
  class space    used 6090K, committed 6656K, reserved 1048576K
}
Event: 8.757 GC heap before
{Heap before GC invocations=40 (full 2):
 PSYoungGen      total 23040K, used 22706K [0x00000000eab00000, 0x00000000ec480000, 0x0000000100000000)
  eden space 19968K, 99% used [0x00000000eab00000,0x00000000ebe7f390,0x00000000ebe80000)
  from space 3072K, 89% used [0x00000000ebe80000,0x00000000ec12d730,0x00000000ec180000)
  to   space 3072K, 0% used [0x00000000ec180000,0x00000000ec180000,0x00000000ec480000)
 ParOldGen       total 68608K, used 52292K [0x00000000c0000000, 0x00000000c4300000, 0x00000000eab00000)
  object space 68608K, 76% used [0x00000000c0000000,0x00000000c3311300,0x00000000c4300000)
 Metaspace       used 57281K, committed 58560K, reserved 1105920K
  class space    used 6095K, committed 6720K, reserved 1048576K
}
Event: 8.759 GC heap after
{Heap after GC invocations=40 (full 2):
 PSYoungGen      total 22528K, used 2203K [0x00000000eab00000, 0x00000000ec400000, 0x0000000100000000)
  eden space 19968K, 0% used [0x00000000eab00000,0x00000000eab00000,0x00000000ebe80000)
  from space 2560K, 86% used [0x00000000ec180000,0x00000000ec3a6d88,0x00000000ec400000)
  to   space 2560K, 0% used [0x00000000ebf00000,0x00000000ebf00000,0x00000000ec180000)
 ParOldGen       total 68608K, used 56340K [0x00000000c0000000, 0x00000000c4300000, 0x00000000eab00000)
  object space 68608K, 82% used [0x00000000c0000000,0x00000000c3705278,0x00000000c4300000)
 Metaspace       used 57281K, committed 58560K, reserved 1105920K
  class space    used 6095K, committed 6720K, reserved 1048576K
}
Event: 9.053 GC heap before
{Heap before GC invocations=41 (full 2):
 PSYoungGen      total 22528K, used 20789K [0x00000000eab00000, 0x00000000ec400000, 0x0000000100000000)
  eden space 19968K, 93% used [0x00000000eab00000,0x00000000ebd26a40,0x00000000ebe80000)
  from space 2560K, 86% used [0x00000000ec180000,0x00000000ec3a6d88,0x00000000ec400000)
  to   space 2560K, 0% used [0x00000000ebf00000,0x00000000ebf00000,0x00000000ec180000)
 ParOldGen       total 68608K, used 56340K [0x00000000c0000000, 0x00000000c4300000, 0x00000000eab00000)
  object space 68608K, 82% used [0x00000000c0000000,0x00000000c3705278,0x00000000c4300000)
 Metaspace       used 58519K, committed 59776K, reserved 1105920K
  class space    used 6189K, committed 6720K, reserved 1048576K
}
Event: 9.055 GC heap after
{Heap after GC invocations=41 (full 2):
 PSYoungGen      total 21504K, used 1410K [0x00000000eab00000, 0x00000000ec280000, 0x0000000100000000)
  eden space 19968K, 0% used [0x00000000eab00000,0x00000000eab00000,0x00000000ebe80000)
  from space 1536K, 91% used [0x00000000ebf00000,0x00000000ec060b10,0x00000000ec080000)
  to   space 2048K, 0% used [0x00000000ec080000,0x00000000ec080000,0x00000000ec280000)
 ParOldGen       total 68608K, used 58168K [0x00000000c0000000, 0x00000000c4300000, 0x00000000eab00000)
  object space 68608K, 84% used [0x00000000c0000000,0x00000000c38ce308,0x00000000c4300000)
 Metaspace       used 58519K, committed 59776K, reserved 1105920K
  class space    used 6189K, committed 6720K, reserved 1048576K
}
Event: 9.055 GC heap before
{Heap before GC invocations=42 (full 3):
 PSYoungGen      total 21504K, used 1410K [0x00000000eab00000, 0x00000000ec280000, 0x0000000100000000)
  eden space 19968K, 0% used [0x00000000eab00000,0x00000000eab00000,0x00000000ebe80000)
  from space 1536K, 91% used [0x00000000ebf00000,0x00000000ec060b10,0x00000000ec080000)
  to   space 2048K, 0% used [0x00000000ec080000,0x00000000ec080000,0x00000000ec280000)
 ParOldGen       total 68608K, used 58168K [0x00000000c0000000, 0x00000000c4300000, 0x00000000eab00000)
  object space 68608K, 84% used [0x00000000c0000000,0x00000000c38ce308,0x00000000c4300000)
 Metaspace       used 58519K, committed 59776K, reserved 1105920K
  class space    used 6189K, committed 6720K, reserved 1048576K
}
Event: 9.126 GC heap after
{Heap after GC invocations=42 (full 3):
 PSYoungGen      total 21504K, used 0K [0x00000000eab00000, 0x00000000ec280000, 0x0000000100000000)
  eden space 19968K, 0% used [0x00000000eab00000,0x00000000eab00000,0x00000000ebe80000)
  from space 1536K, 0% used [0x00000000ebf00000,0x00000000ebf00000,0x00000000ec080000)
  to   space 2048K, 0% used [0x00000000ec080000,0x00000000ec080000,0x00000000ec280000)
 ParOldGen       total 68608K, used 42447K [0x00000000c0000000, 0x00000000c4300000, 0x00000000eab00000)
  object space 68608K, 61% used [0x00000000c0000000,0x00000000c2973e28,0x00000000c4300000)
 Metaspace       used 58519K, committed 59776K, reserved 1105920K
  class space    used 6189K, committed 6720K, reserved 1048576K
}
Event: 9.312 GC heap before
{Heap before GC invocations=43 (full 3):
 PSYoungGen      total 21504K, used 19689K [0x00000000eab00000, 0x00000000ec280000, 0x0000000100000000)
  eden space 19968K, 98% used [0x00000000eab00000,0x00000000ebe3a408,0x00000000ebe80000)
  from space 1536K, 0% used [0x00000000ebf00000,0x00000000ebf00000,0x00000000ec080000)
  to   space 2048K, 0% used [0x00000000ec080000,0x00000000ec080000,0x00000000ec280000)
 ParOldGen       total 68608K, used 42447K [0x00000000c0000000, 0x00000000c4300000, 0x00000000eab00000)
  object space 68608K, 61% used [0x00000000c0000000,0x00000000c2973e28,0x00000000c4300000)
 Metaspace       used 59742K, committed 60992K, reserved 1105920K
  class space    used 6318K, committed 6848K, reserved 1048576K
}
Event: 9.313 GC heap after
{Heap after GC invocations=43 (full 3):
 PSYoungGen      total 20480K, used 2042K [0x00000000eab00000, 0x00000000ec580000, 0x0000000100000000)
  eden space 18432K, 0% used [0x00000000eab00000,0x00000000eab00000,0x00000000ebd00000)
  from space 2048K, 99% used [0x00000000ec080000,0x00000000ec27e8a8,0x00000000ec280000)
  to   space 3584K, 0% used [0x00000000ebd00000,0x00000000ebd00000,0x00000000ec080000)
 ParOldGen       total 68608K, used 43300K [0x00000000c0000000, 0x00000000c4300000, 0x00000000eab00000)
  object space 68608K, 63% used [0x00000000c0000000,0x00000000c2a49048,0x00000000c4300000)
 Metaspace       used 59742K, committed 60992K, reserved 1105920K
  class space    used 6318K, committed 6848K, reserved 1048576K
}
Event: 9.370 GC heap before
{Heap before GC invocations=44 (full 3):
 PSYoungGen      total 20480K, used 17787K [0x00000000eab00000, 0x00000000ec580000, 0x0000000100000000)
  eden space 18432K, 85% used [0x00000000eab00000,0x00000000eba606e8,0x00000000ebd00000)
  from space 2048K, 99% used [0x00000000ec080000,0x00000000ec27e8a8,0x00000000ec280000)
  to   space 3584K, 0% used [0x00000000ebd00000,0x00000000ebd00000,0x00000000ec080000)
 ParOldGen       total 68608K, used 43300K [0x00000000c0000000, 0x00000000c4300000, 0x00000000eab00000)
  object space 68608K, 63% used [0x00000000c0000000,0x00000000c2a49048,0x00000000c4300000)
 Metaspace       used 60032K, committed 61312K, reserved 1105920K
  class space    used 6345K, committed 6912K, reserved 1048576K
}
Event: 9.372 GC heap after
{Heap after GC invocations=44 (full 3):
 PSYoungGen      total 20480K, used 1769K [0x00000000eab00000, 0x00000000ec200000, 0x0000000100000000)
  eden space 18432K, 0% used [0x00000000eab00000,0x00000000eab00000,0x00000000ebd00000)
  from space 2048K, 86% used [0x00000000ebd00000,0x00000000ebeba780,0x00000000ebf00000)
  to   space 2560K, 0% used [0x00000000ebf80000,0x00000000ebf80000,0x00000000ec200000)
 ParOldGen       total 68608K, used 52875K [0x00000000c0000000, 0x00000000c4300000, 0x00000000eab00000)
  object space 68608K, 77% used [0x00000000c0000000,0x00000000c33a2d98,0x00000000c4300000)
 Metaspace       used 60032K, committed 61312K, reserved 1105920K
  class space    used 6345K, committed 6912K, reserved 1048576K
}
Event: 9.469 GC heap before
{Heap before GC invocations=45 (full 4):
 PSYoungGen      total 20480K, used 20201K [0x00000000eab00000, 0x00000000ec200000, 0x0000000100000000)
  eden space 18432K, 100% used [0x00000000eab00000,0x00000000ebd00000,0x00000000ebd00000)
  from space 2048K, 86% used [0x00000000ebd00000,0x00000000ebeba780,0x00000000ebf00000)
  to   space 2560K, 0% used [0x00000000ebf80000,0x00000000ebf80000,0x00000000ec200000)
 ParOldGen       total 91136K, used 90214K [0x00000000c0000000, 0x00000000c5900000, 0x00000000eab00000)
  object space 91136K, 98% used [0x00000000c0000000,0x00000000c58198e8,0x00000000c5900000)
 Metaspace       used 60731K, committed 62016K, reserved 1105920K
  class space    used 6462K, committed 7040K, reserved 1048576K
}
Event: 9.511 GC heap after
{Heap after GC invocations=45 (full 4):
 PSYoungGen      total 20992K, used 0K [0x00000000eab00000, 0x00000000ec200000, 0x0000000100000000)
  eden space 18432K, 0% used [0x00000000eab00000,0x00000000eab00000,0x00000000ebd00000)
  from space 2560K, 0% used [0x00000000ebf80000,0x00000000ebf80000,0x00000000ec200000)
  to   space 2560K, 0% used [0x00000000ebd00000,0x00000000ebd00000,0x00000000ebf80000)
 ParOldGen       total 96768K, used 60304K [0x00000000c0000000, 0x00000000c5e80000, 0x00000000eab00000)
  object space 96768K, 62% used [0x00000000c0000000,0x00000000c3ae43b0,0x00000000c5e80000)
 Metaspace       used 60731K, committed 62016K, reserved 1105920K
  class space    used 6462K, committed 7040K, reserved 1048576K
}
Event: 9.576 GC heap before
{Heap before GC invocations=46 (full 4):
 PSYoungGen      total 20992K, used 18432K [0x00000000eab00000, 0x00000000ec200000, 0x0000000100000000)
  eden space 18432K, 100% used [0x00000000eab00000,0x00000000ebd00000,0x00000000ebd00000)
  from space 2560K, 0% used [0x00000000ebf80000,0x00000000ebf80000,0x00000000ec200000)
  to   space 2560K, 0% used [0x00000000ebd00000,0x00000000ebd00000,0x00000000ebf80000)
 ParOldGen       total 96768K, used 60304K [0x00000000c0000000, 0x00000000c5e80000, 0x00000000eab00000)
  object space 96768K, 62% used [0x00000000c0000000,0x00000000c3ae43b0,0x00000000c5e80000)
 Metaspace       used 60985K, committed 62272K, reserved 1105920K
  class space    used 6499K, committed 7104K, reserved 1048576K
}
Event: 9.583 GC heap after
{Heap after GC invocations=46 (full 4):
 PSYoungGen      total 20992K, used 2560K [0x00000000eab00000, 0x00000000ed800000, 0x0000000100000000)
  eden space 18432K, 0% used [0x00000000eab00000,0x00000000eab00000,0x00000000ebd00000)
  from space 2560K, 100% used [0x00000000ebd00000,0x00000000ebf80000,0x00000000ebf80000)
  to   space 13824K, 0% used [0x00000000eca80000,0x00000000eca80000,0x00000000ed800000)
 ParOldGen       total 96768K, used 69440K [0x00000000c0000000, 0x00000000c5e80000, 0x00000000eab00000)
  object space 96768K, 71% used [0x00000000c0000000,0x00000000c43d03b0,0x00000000c5e80000)
 Metaspace       used 60985K, committed 62272K, reserved 1105920K
  class space    used 6499K, committed 7104K, reserved 1048576K
}
Event: 9.667 GC heap before
{Heap before GC invocations=47 (full 4):
 PSYoungGen      total 20992K, used 20992K [0x00000000eab00000, 0x00000000ed800000, 0x0000000100000000)
  eden space 18432K, 100% used [0x00000000eab00000,0x00000000ebd00000,0x00000000ebd00000)
  from space 2560K, 100% used [0x00000000ebd00000,0x00000000ebf80000,0x00000000ebf80000)
  to   space 13824K, 0% used [0x00000000eca80000,0x00000000eca80000,0x00000000ed800000)
 ParOldGen       total 96768K, used 69440K [0x00000000c0000000, 0x00000000c5e80000, 0x00000000eab00000)
  object space 96768K, 71% used [0x00000000c0000000,0x00000000c43d03b0,0x00000000c5e80000)
 Metaspace       used 60985K, committed 62272K, reserved 1105920K
  class space    used 6499K, committed 7104K, reserved 1048576K
}
Event: 9.673 GC heap after
{Heap after GC invocations=47 (full 4):
 PSYoungGen      total 32256K, used 13024K [0x00000000eab00000, 0x00000000ed800000, 0x0000000100000000)
  eden space 18432K, 0% used [0x00000000eab00000,0x00000000eab00000,0x00000000ebd00000)
  from space 13824K, 94% used [0x00000000eca80000,0x00000000ed738000,0x00000000ed800000)
  to   space 13824K, 0% used [0x00000000ebd00000,0x00000000ebd00000,0x00000000eca80000)
 ParOldGen       total 96768K, used 72040K [0x00000000c0000000, 0x00000000c5e80000, 0x00000000eab00000)
  object space 96768K, 74% used [0x00000000c0000000,0x00000000c465a3b0,0x00000000c5e80000)
 Metaspace       used 60985K, committed 62272K, reserved 1105920K
  class space    used 6499K, committed 7104K, reserved 1048576K
}
Event: 1517.984 GC heap before
{Heap before GC invocations=48 (full 4):
 PSYoungGen      total 32256K, used 31389K [0x00000000eab00000, 0x00000000ed800000, 0x0000000100000000)
  eden space 18432K, 99% used [0x00000000eab00000,0x00000000ebcef4c0,0x00000000ebd00000)
  from space 13824K, 94% used [0x00000000eca80000,0x00000000ed738000,0x00000000ed800000)
  to   space 13824K, 0% used [0x00000000ebd00000,0x00000000ebd00000,0x00000000eca80000)
 ParOldGen       total 96768K, used 72040K [0x00000000c0000000, 0x00000000c5e80000, 0x00000000eab00000)
  object space 96768K, 74% used [0x00000000c0000000,0x00000000c465a3b0,0x00000000c5e80000)
 Metaspace       used 61395K, committed 62656K, reserved 1105920K
  class space    used 6541K, committed 7104K, reserved 1048576K
}
Event: 1518.134 GC heap after
{Heap after GC invocations=48 (full 4):
 PSYoungGen      total 32256K, used 13824K [0x00000000eab00000, 0x00000000eed00000, 0x0000000100000000)
  eden space 18432K, 0% used [0x00000000eab00000,0x00000000eab00000,0x00000000ebd00000)
  from space 13824K, 100% used [0x00000000ebd00000,0x00000000eca80000,0x00000000eca80000)
  to   space 24576K, 0% used [0x00000000ed500000,0x00000000ed500000,0x00000000eed00000)
 ParOldGen       total 96768K, used 80792K [0x00000000c0000000, 0x00000000c5e80000, 0x00000000eab00000)
  object space 96768K, 83% used [0x00000000c0000000,0x00000000c4ee63b0,0x00000000c5e80000)
 Metaspace       used 61395K, committed 62656K, reserved 1105920K
  class space    used 6541K, committed 7104K, reserved 1048576K
}

Deoptimization events (20 events):
Event: 306.387 Thread 0x000001a3667b5430 DEOPT PACKING pc=0x000001a357a90574 sp=0x00000047e39ff070
Event: 306.387 Thread 0x000001a3667b5430 DEOPT UNPACKING pc=0x000001a3573120a3 sp=0x00000047e39ff038 mode 2
Event: 1517.035 Thread 0x000001a3667b5430 Uncommon trap: trap_request=0xffffff45 fr.pc=0x000001a3579c6ba8 relative=0x00000000000004c8
Event: 1517.039 Thread 0x000001a3667b5430 Uncommon trap: reason=unstable_if action=reinterpret pc=0x000001a3579c6ba8 method=java.util.WeakHashMap.expungeStaleEntries()V @ 9 c2
Event: 1517.045 Thread 0x000001a3667b5430 DEOPT PACKING pc=0x000001a3579c6ba8 sp=0x00000047e39ff180
Event: 1517.052 Thread 0x000001a3667b5430 DEOPT UNPACKING pc=0x000001a3573120a3 sp=0x00000047e39ff050 mode 2
Event: 1517.792 Thread 0x000001a3667b5430 DEOPT PACKING pc=0x000001a34fe33b7c sp=0x00000047e39fe600
Event: 1517.792 Thread 0x000001a3667b5430 DEOPT UNPACKING pc=0x000001a357312843 sp=0x00000047e39fdb28 mode 0
Event: 1517.823 Thread 0x000001a3667b5430 Uncommon trap: trap_request=0xffffffc6 fr.pc=0x000001a35798e998 relative=0x00000000000001f8
Event: 1517.823 Thread 0x000001a3667b5430 Uncommon trap: reason=bimorphic_or_optimized_type_check action=maybe_recompile pc=0x000001a35798e998 method=java.util.Collections.eq(Ljava/lang/Object;Ljava/lang/Object;)Z @ 18 c2
Event: 1517.823 Thread 0x000001a3667b5430 DEOPT PACKING pc=0x000001a35798e998 sp=0x00000047e39fea00
Event: 1517.824 Thread 0x000001a3667b5430 DEOPT UNPACKING pc=0x000001a3573120a3 sp=0x00000047e39fe940 mode 2
Event: 1517.826 Thread 0x000001a3667b5430 Uncommon trap: trap_request=0xffffffc6 fr.pc=0x000001a35798e998 relative=0x00000000000001f8
Event: 1517.826 Thread 0x000001a3667b5430 Uncommon trap: reason=bimorphic_or_optimized_type_check action=maybe_recompile pc=0x000001a35798e998 method=java.util.Collections.eq(Ljava/lang/Object;Ljava/lang/Object;)Z @ 18 c2
Event: 1517.826 Thread 0x000001a3667b5430 DEOPT PACKING pc=0x000001a35798e998 sp=0x00000047e39feb60
Event: 1517.826 Thread 0x000001a3667b5430 DEOPT UNPACKING pc=0x000001a3573120a3 sp=0x00000047e39feaa0 mode 2
Event: 1818.119 Thread 0x000001a3667b5430 DEOPT PACKING pc=0x000001a3502ccbc8 sp=0x00000047e39fed90
Event: 1818.121 Thread 0x000001a3667b5430 DEOPT UNPACKING pc=0x000001a357312843 sp=0x00000047e39fe2d8 mode 0
Event: 1818.161 Thread 0x000001a3667b5430 DEOPT PACKING pc=0x000001a3502ccbc8 sp=0x00000047e39ff020
Event: 1818.161 Thread 0x000001a3667b5430 DEOPT UNPACKING pc=0x000001a357312843 sp=0x00000047e39fe578 mode 0

Classes unloaded (7 events):
Event: 2.310 Thread 0x000001a3485d5e40 Unloading class 0x0000000800d66400 'java/lang/invoke/LambdaForm$MH+0x0000000800d66400'
Event: 2.310 Thread 0x000001a3485d5e40 Unloading class 0x0000000800d66000 'java/lang/invoke/LambdaForm$MH+0x0000000800d66000'
Event: 2.310 Thread 0x000001a3485d5e40 Unloading class 0x0000000800d65c00 'java/lang/invoke/LambdaForm$MH+0x0000000800d65c00'
Event: 2.310 Thread 0x000001a3485d5e40 Unloading class 0x0000000800d65800 'java/lang/invoke/LambdaForm$MH+0x0000000800d65800'
Event: 2.310 Thread 0x000001a3485d5e40 Unloading class 0x0000000800d65000 'java/lang/invoke/LambdaForm$BMH+0x0000000800d65000'
Event: 2.310 Thread 0x000001a3485d5e40 Unloading class 0x0000000800d64c00 'java/lang/invoke/LambdaForm$DMH+0x0000000800d64c00'
Event: 2.310 Thread 0x000001a3485d5e40 Unloading class 0x0000000800d62000 'java/lang/invoke/LambdaForm$DMH+0x0000000800d62000'

Classes redefined (0 events):
No events

Internal exceptions (20 events):
Event: 7.900 Thread 0x000001a3667b3c20 Exception <a 'java/io/FileNotFoundException'{0x00000000eb7044e8}> (0x00000000eb7044e8) 
thrown [s\open\src\hotspot\share\prims\jni.cpp, line 516]
Event: 7.998 Thread 0x000001a3667b5430 Exception <a 'java/io/FileNotFoundException'{0x00000000eb3c8c48}> (0x00000000eb3c8c48) 
thrown [s\open\src\hotspot\share\prims\jni.cpp, line 516]
Event: 8.026 Thread 0x000001a3667b5430 Exception <a 'java/lang/NoSuchMethodError'{0x00000000ebbbb4e0}: 'void java.lang.invoke.DirectMethodHandle$Holder.invokeSpecial(java.lang.Object, java.lang.Object, java.lang.Object, java.lang.Object, java.lang.Object)'> (0x00000000ebbbb4e0) 
thrown [s\open\src\hotspot\share\interpreter\linkResolver.cpp, line 759]
Event: 8.137 Thread 0x000001a3667b2db0 Exception <a 'java/lang/NoSuchMethodError'{0x00000000eba51678}: 'int java.lang.invoke.DirectMethodHandle$Holder.invokeStatic(java.lang.Object, int, java.lang.Object)'> (0x00000000eba51678) 
thrown [s\open\src\hotspot\share\interpreter\linkResolver.cpp, line 759]
Event: 8.863 Thread 0x000001a36a919960 Exception <a 'java/lang/ClassNotFoundException'{0x00000000eb1575f0}: sun/util/logging/resources/spi/loggingProvider> (0x00000000eb1575f0) 
thrown [s\open\src\hotspot\share\classfile\systemDictionary.cpp, line 256]
Event: 9.284 Thread 0x000001a36a919e30 Exception <a 'sun/nio/fs/WindowsException'{0x00000000ebab7428}> (0x00000000ebab7428) 
thrown [s\open\src\hotspot\share\prims\jni.cpp, line 516]
Event: 9.369 Thread 0x000001a36a919960 Exception <a 'java/lang/NoSuchMethodError'{0x00000000eba4fdc8}: 'java.lang.Object java.lang.invoke.DirectMethodHandle$Holder.invokeStatic(java.lang.Object, int, java.lang.Object, java.lang.Object, java.lang.Object, java.lang.Object)'> (0x00000000eba4fdc8) 
thrown [s\open\src\hotspot\share\interpreter\linkResolver.cpp, line 759]
Event: 9.369 Thread 0x000001a36a919960 Exception <a 'java/lang/NoSuchMethodError'{0x00000000eba582e8}: 'java.lang.Object java.lang.invoke.DirectMethodHandle$Holder.newInvokeSpecial(java.lang.Object, int, java.lang.Object, java.lang.Object, java.lang.Object)'> (0x00000000eba582e8) 
thrown [s\open\src\hotspot\share\interpreter\linkResolver.cpp, line 759]
Event: 9.432 Thread 0x000001a36a919960 Exception <a 'java/lang/NoSuchMethodError'{0x00000000eb577d10}: 'void java.lang.invoke.DirectMethodHandle$Holder.invokeSpecial(java.lang.Object, java.lang.Object, int)'> (0x00000000eb577d10) 
thrown [s\open\src\hotspot\share\interpreter\linkResolver.cpp, line 759]
Event: 9.546 Thread 0x000001a36a919960 Exception <a 'java/lang/NoSuchMethodError'{0x00000000eb46edd8}: 'int java.lang.invoke.DirectMethodHandle$Holder.invokeSpecialIFC(java.lang.Object, java.lang.Object, java.lang.Object, java.lang.Object)'> (0x00000000eb46edd8) 
thrown [s\open\src\hotspot\share\interpreter\linkResolver.cpp, line 759]
Event: 306.084 Thread 0x000001a3667b5430 Implicit null exception at 0x000001a357c598e0 to 0x000001a357c59c70
Event: 306.221 Thread 0x000001a3667b5430 Exception <a 'java/lang/NoSuchMethodError'{0x00000000eba206d0}: static [J.<clinit>()V> (0x00000000eba206d0) 
thrown [s\open\src\hotspot\share\prims\jni.cpp, line 1107]
Event: 306.237 Thread 0x000001a3667b5430 Exception <a 'java/lang/NoSuchMethodError'{0x00000000eba4ac60}: 'java.lang.Object java.lang.invoke.DirectMethodHandle$Holder.newInvokeSpecial(java.lang.Object, java.lang.Object, java.lang.Object, java.lang.Object, java.lang.Object, java.lang.Object, java.lang.Object, java.lang.Object)'> (0x00000000eba4ac60) 
thrown [s\open\src\hotspot\share\interpreter\linkResolver.cpp, line 759]
Event: 306.238 Thread 0x000001a3667b5430 Exception <a 'java/lang/NoSuchMethodError'{0x00000000eba4f418}: 'java.lang.Object java.lang.invoke.Invokers$Holder.linkToTargetMethod(java.lang.Object, java.lang.Object, java.lang.Object, java.lang.Object, java.lang.Object, java.lang.Object, java.lang.Object, java.lang.Object)'> (0x00000000eba4f418) 
thrown [s\open\src\hotspot\share\interpreter\linkResolver.cpp, line 759]
Event: 328.813 Thread 0x000001a3667b40f0 Exception <a 'java/lang/reflect/InvocationTargetException'{0x00000000eba8ea50}> (0x00000000eba8ea50) 
thrown [s\open\src\hotspot\share\runtime\reflection.cpp, line 1121]
Event: 329.505 Thread 0x000001a3667b40f0 Exception <a 'java/lang/reflect/InvocationTargetException'{0x00000000ebaa82e0}> (0x00000000ebaa82e0) 
thrown [s\open\src\hotspot\share\runtime\reflection.cpp, line 1121]
Event: 1513.337 Thread 0x000001a3667b40f0 Exception <a 'java/lang/reflect/InvocationTargetException'{0x00000000ebab7f18}> (0x00000000ebab7f18) 
thrown [s\open\src\hotspot\share\runtime\reflection.cpp, line 1121]
Event: 1517.002 Thread 0x000001a3667b40f0 Exception <a 'sun/nio/fs/WindowsException'{0x00000000ebaf60a0}> (0x00000000ebaf60a0) 
thrown [s\open\src\hotspot\share\prims\jni.cpp, line 516]
Event: 1517.261 Thread 0x000001a3667b40f0 Exception <a 'java/lang/reflect/InvocationTargetException'{0x00000000ebb477e0}> (0x00000000ebb477e0) 
thrown [s\open\src\hotspot\share\runtime\reflection.cpp, line 1121]
Event: 1538.266 Thread 0x000001a3667b40f0 Exception <a 'java/lang/reflect/InvocationTargetException'{0x00000000eb1ab090}> (0x00000000eb1ab090) 
thrown [s\open\src\hotspot\share\runtime\reflection.cpp, line 1121]

VM Operations (20 events):
Event: 1517.056 Executing VM operation: Cleanup
Event: 1517.071 Executing VM operation: Cleanup done
Event: 1517.788 Executing VM operation: HandshakeAllThreads
Event: 1517.790 Executing VM operation: HandshakeAllThreads done
Event: 1517.983 Executing VM operation: ParallelGCFailedAllocation
Event: 1518.134 Executing VM operation: ParallelGCFailedAllocation done
Event: 1519.144 Executing VM operation: Cleanup
Event: 1519.144 Executing VM operation: Cleanup done
Event: 1539.290 Executing VM operation: Cleanup
Event: 1539.291 Executing VM operation: Cleanup done
Event: 1644.186 Executing VM operation: Cleanup
Event: 1644.190 Executing VM operation: Cleanup done
Event: 1818.245 Executing VM operation: Cleanup
Event: 1818.247 Executing VM operation: Cleanup done
Event: 1819.248 Executing VM operation: Cleanup
Event: 1819.248 Executing VM operation: Cleanup done
Event: 1922.172 Executing VM operation: Cleanup
Event: 1922.175 Executing VM operation: Cleanup done
Event: 1925.202 Executing VM operation: Cleanup
Event: 1925.205 Executing VM operation: Cleanup done

Events (20 events):
Event: 328.850 loading class java/lang/Throwable$PrintStreamOrWriter done
Event: 328.850 loading class java/lang/Throwable$WrappedPrintWriter done
Event: 369.598 Thread 0x000001a3667b5dd0 Thread exited: 0x000001a3667b5dd0
Event: 429.617 Thread 0x000001a36a918fc0 Thread exited: 0x000001a36a918fc0
Event: 1517.627 loading class org/xml/sax/SAXNotRecognizedException
Event: 1517.629 loading class org/xml/sax/SAXNotRecognizedException done
Event: 1517.630 loading class org/xml/sax/SAXNotSupportedException
Event: 1517.632 loading class org/xml/sax/SAXNotSupportedException done
Event: 1517.653 loading class com/sun/org/apache/xerces/internal/util/URI
Event: 1517.678 loading class com/sun/org/apache/xerces/internal/util/URI done
Event: 1517.689 loading class com/sun/org/apache/xerces/internal/xni/XNIException
Event: 1517.692 loading class com/sun/org/apache/xerces/internal/xni/XNIException done
Event: 1517.693 loading class com/sun/org/apache/xerces/internal/xni/parser/XMLParseException
Event: 1517.696 loading class com/sun/org/apache/xerces/internal/xni/parser/XMLParseException done
Event: 1818.140 Thread 0x000001a36a917c80 Thread added: 0x000001a36a917c80
Event: 1818.151 Thread 0x000001a36a918fc0 Thread added: 0x000001a36a918fc0
Event: 1818.155 Thread 0x000001a36a919e30 Thread added: 0x000001a36a919e30
Event: 1818.157 Thread 0x000001a36a919e30 Thread exited: 0x000001a36a919e30
Event: 1818.157 Thread 0x000001a36a917c80 Thread exited: 0x000001a36a917c80
Event: 1818.157 Thread 0x000001a36a918fc0 Thread exited: 0x000001a36a918fc0


Dynamic libraries:
0x00007ff6bbae0000 - 0x00007ff6bbaf0000 	C:\Program Files\Java\jdk-17\bin\java.exe
0x00007ff9a9b90000 - 0x00007ff9a9d88000 	C:\Windows\SYSTEM32\ntdll.dll
0x00007ff993830000 - 0x00007ff993849000 	C:\Program Files\Avast Software\Avast\aswhook.dll
0x00007ff9a9410000 - 0x00007ff9a94cf000 	C:\Windows\System32\KERNEL32.DLL
0x00007ff9a7640000 - 0x00007ff9a7936000 	C:\Windows\System32\KERNELBASE.dll
0x00007ff9a72c0000 - 0x00007ff9a73c0000 	C:\Windows\System32\ucrtbase.dll
0x00007ff97e820000 - 0x00007ff97e83b000 	C:\Program Files\Java\jdk-17\bin\VCRUNTIME140.dll
0x00007ff9860d0000 - 0x00007ff9860e8000 	C:\Program Files\Java\jdk-17\bin\jli.dll
0x00007ff9a99f0000 - 0x00007ff9a9a9f000 	C:\Windows\System32\ADVAPI32.dll
0x00007ff9a9240000 - 0x00007ff9a92de000 	C:\Windows\System32\msvcrt.dll
0x00007ff9a9830000 - 0x00007ff9a98cc000 	C:\Windows\System32\sechost.dll
0x00007ff9a92e0000 - 0x00007ff9a9406000 	C:\Windows\System32\RPCRT4.dll
0x00007ff9a7c80000 - 0x00007ff9a7e1d000 	C:\Windows\System32\USER32.dll
0x00007ff9a7b00000 - 0x00007ff9a7b22000 	C:\Windows\System32\win32u.dll
0x00007ff9a9070000 - 0x00007ff9a909c000 	C:\Windows\System32\GDI32.dll
0x00007ff98eb70000 - 0x00007ff98ee0a000 	C:\Windows\WinSxS\amd64_microsoft.windows.common-controls_6595b64144ccf1df_6.0.19041.1110_none_60b5254171f9507e\COMCTL32.dll
0x00007ff9a79e0000 - 0x00007ff9a7af5000 	C:\Windows\System32\gdi32full.dll
0x00007ff9a7940000 - 0x00007ff9a79dd000 	C:\Windows\System32\msvcp_win.dll
0x00007ff99f180000 - 0x00007ff99f18a000 	C:\Windows\SYSTEM32\VERSION.dll
0x00007ff9a8af0000 - 0x00007ff9a8b20000 	C:\Windows\System32\IMM32.DLL
0x00007ff987910000 - 0x00007ff98791c000 	C:\Program Files\Java\jdk-17\bin\vcruntime140_1.dll
0x00007ff96a160000 - 0x00007ff96a1ee000 	C:\Program Files\Java\jdk-17\bin\msvcp140.dll
0x00007ff94ca30000 - 0x00007ff94d607000 	C:\Program Files\Java\jdk-17\bin\server\jvm.dll
0x00007ff9a7c70000 - 0x00007ff9a7c78000 	C:\Windows\System32\PSAPI.DLL
0x00007ff992450000 - 0x00007ff992477000 	C:\Windows\SYSTEM32\WINMM.dll
0x00007ff98aa30000 - 0x00007ff98aa39000 	C:\Windows\SYSTEM32\WSOCK32.dll
0x00007ff9a90a0000 - 0x00007ff9a910b000 	C:\Windows\System32\WS2_32.dll
0x00007ff9a5ab0000 - 0x00007ff9a5ac2000 	C:\Windows\SYSTEM32\kernel.appcore.dll
0x00007ff985790000 - 0x00007ff98579a000 	C:\Program Files\Java\jdk-17\bin\jimage.dll
0x00007ff9a4a40000 - 0x00007ff9a4c24000 	C:\Windows\SYSTEM32\DBGHELP.DLL
0x00007ff997bf0000 - 0x00007ff997c24000 	C:\Windows\SYSTEM32\dbgcore.DLL
0x00007ff9a7b60000 - 0x00007ff9a7be2000 	C:\Windows\System32\bcryptPrimitives.dll
0x00007ff991d00000 - 0x00007ff991d0e000 	C:\Program Files\Java\jdk-17\bin\instrument.dll
0x00007ff970380000 - 0x00007ff9703a5000 	C:\Program Files\Java\jdk-17\bin\java.dll
0x00007ff96a080000 - 0x00007ff96a157000 	C:\Program Files\Java\jdk-17\bin\jsvml.dll
0x00007ff9a8120000 - 0x00007ff9a8864000 	C:\Windows\System32\SHELL32.dll
0x00007ff9a5300000 - 0x00007ff9a5a93000 	C:\Windows\SYSTEM32\windows.storage.dll
0x00007ff9a94d0000 - 0x00007ff9a9824000 	C:\Windows\System32\combase.dll
0x00007ff9a6cc0000 - 0x00007ff9a6cee000 	C:\Windows\SYSTEM32\Wldp.dll
0x00007ff9a9aa0000 - 0x00007ff9a9b4d000 	C:\Windows\System32\SHCORE.dll
0x00007ff9a9110000 - 0x00007ff9a9165000 	C:\Windows\System32\shlwapi.dll
0x00007ff9a71b0000 - 0x00007ff9a71cf000 	C:\Windows\SYSTEM32\profapi.dll
0x00007ff9715f0000 - 0x00007ff971608000 	C:\Program Files\Java\jdk-17\bin\zip.dll
0x00007ff97e360000 - 0x00007ff97e379000 	C:\Program Files\Java\jdk-17\bin\net.dll
0x00007ff9a1720000 - 0x00007ff9a182a000 	C:\Windows\SYSTEM32\WINHTTP.dll
0x00007ff9a6a20000 - 0x00007ff9a6a8a000 	C:\Windows\system32\mswsock.dll
0x00007ff979690000 - 0x00007ff9796a6000 	C:\Program Files\Java\jdk-17\bin\nio.dll
0x00007ff98e1c0000 - 0x00007ff98e1d0000 	C:\Program Files\Java\jdk-17\bin\verify.dll
0x00007ff97ea10000 - 0x00007ff97ea4e000 	C:\Users\deyvi\AppData\Roaming\Code\User\globalStorage\redhat.java\1.19.0\config_win\org.eclipse.equinox.launcher\org.eclipse.equinox.launcher.win32.win32.x86_64_1.2.700.v20221108-1024\eclipse_11801.dll
0x00007ff9a7f60000 - 0x00007ff9a808a000 	C:\Windows\System32\ole32.dll
0x00007ff9a6c10000 - 0x00007ff9a6c28000 	C:\Windows\SYSTEM32\CRYPTSP.dll
0x00007ff9a62d0000 - 0x00007ff9a6304000 	C:\Windows\system32\rsaenh.dll
0x00007ff9a7b30000 - 0x00007ff9a7b57000 	C:\Windows\System32\bcrypt.dll
0x00007ff9a7130000 - 0x00007ff9a715e000 	C:\Windows\SYSTEM32\USERENV.dll
0x00007ff9a6c30000 - 0x00007ff9a6c3c000 	C:\Windows\SYSTEM32\CRYPTBASE.dll
0x00007ff9a66c0000 - 0x00007ff9a66fc000 	C:\Windows\SYSTEM32\IPHLPAPI.DLL
0x00007ff9a7e20000 - 0x00007ff9a7e28000 	C:\Windows\System32\NSI.dll
0x00007ff99e120000 - 0x00007ff99e137000 	C:\Windows\SYSTEM32\dhcpcsvc6.DLL
0x00007ff99f220000 - 0x00007ff99f23d000 	C:\Windows\SYSTEM32\dhcpcsvc.DLL
0x00007ff9a6710000 - 0x00007ff9a67da000 	C:\Windows\SYSTEM32\DNSAPI.dll
0x00007ff9796b0000 - 0x00007ff9796f5000 	C:\Users\deyvi\AppData\Local\Temp\jna-95481035\jna6592070394401225338.dll

dbghelp: loaded successfully - version: 4.0.5 - missing functions: none
symbol engine: initialized successfully - sym options: 0x614 - pdb path: .;C:\Program Files\Java\jdk-17\bin;C:\Windows\SYSTEM32;C:\Program Files\Avast Software\Avast;C:\Windows\WinSxS\amd64_microsoft.windows.common-controls_6595b64144ccf1df_6.0.19041.1110_none_60b5254171f9507e;C:\Program Files\Java\jdk-17\bin\server;C:\Users\deyvi\AppData\Roaming\Code\User\globalStorage\redhat.java\1.19.0\config_win\org.eclipse.equinox.launcher\org.eclipse.equinox.launcher.win32.win32.x86_64_1.2.700.v20221108-1024;C:\Users\deyvi\AppData\Local\Temp\jna-95481035

VM Arguments:
jvm_args: --add-modules=ALL-SYSTEM --add-opens=java.base/java.util=ALL-UNNAMED --add-opens=java.base/java.lang=ALL-UNNAMED --add-opens=java.base/sun.nio.fs=ALL-UNNAMED -Declipse.application=org.eclipse.jdt.ls.core.id1 -Dosgi.bundles.defaultStartLevel=4 -Declipse.product=org.eclipse.jdt.ls.core.product -Djava.import.generatesMetadataFilesAtProjectRoot=false -Dfile.encoding=utf8 -XX:+UseParallelGC -XX:GCTimeRatio=4 -XX:AdaptiveSizePolicyWeight=90 -Dsun.zip.disableMemoryMapping=true -Xmx1G -Xms100m -Xlog:disable -javaagent:c:\Users\deyvi\.vscode\extensions\redhat.java-1.19.0-win32-x64\lombok\lombok-1.18.28.jar -XX:+HeapDumpOnOutOfMemoryError -XX:HeapDumpPath=c:\Users\deyvi\AppData\Roaming\Code\User\workspaceStorage\97a6d94f9f299c2223a6a34990fa6ac3\redhat.java -Daether.dependencyCollector.impl=bf 
java_command: c:\Users\deyvi\.vscode\extensions\redhat.java-1.19.0-win32-x64\server\plugins\org.eclipse.equinox.launcher_1.6.400.v20210924-0641.jar -configuration c:\Users\deyvi\AppData\Roaming\Code\User\globalStorage\redhat.java\1.19.0\config_win -data c:\Users\deyvi\AppData\Roaming\Code\User\workspaceStorage\97a6d94f9f299c2223a6a34990fa6ac3\redhat.java\jdt_ws
java_class_path (initial): c:\Users\deyvi\.vscode\extensions\redhat.java-1.19.0-win32-x64\server\plugins\org.eclipse.equinox.launcher_1.6.400.v20210924-0641.jar
Launcher Type: SUN_STANDARD

[Global flags]
    uintx AdaptiveSizePolicyWeight                 = 90                                        {product} {command line}
     intx CICompilerCount                          = 4                                         {product} {ergonomic}
    uintx GCTimeRatio                              = 4                                         {product} {command line}
     bool HeapDumpOnOutOfMemoryError               = true                                   {manageable} {command line}
    ccstr HeapDumpPath                             = c:\Users\deyvi\AppData\Roaming\Code\User\workspaceStorage\97a6d94f9f299c2223a6a34990fa6ac3\redhat.java         {manageable} {command line}
   size_t InitialHeapSize                          = 104857600                                 {product} {command line}
   size_t MaxHeapSize                              = 1073741824                                {product} {command line}
   size_t MaxNewSize                               = 357564416                                 {product} {ergonomic}
   size_t MinHeapDeltaBytes                        = 524288                                    {product} {ergonomic}
   size_t MinHeapSize                              = 104857600                                 {product} {command line}
   size_t NewSize                                  = 34603008                                  {product} {ergonomic}
    uintx NonNMethodCodeHeapSize                   = 5839372                                {pd product} {ergonomic}
    uintx NonProfiledCodeHeapSize                  = 122909434                              {pd product} {ergonomic}
   size_t OldSize                                  = 70254592                                  {product} {ergonomic}
    uintx ProfiledCodeHeapSize                     = 122909434                              {pd product} {ergonomic}
    uintx ReservedCodeCacheSize                    = 251658240                              {pd product} {ergonomic}
     bool SegmentedCodeCache                       = true                                      {product} {ergonomic}
   size_t SoftMaxHeapSize                          = 1073741824                             {manageable} {ergonomic}
     bool UseCompressedClassPointers               = true                           {product lp64_product} {ergonomic}
     bool UseCompressedOops                        = true                           {product lp64_product} {ergonomic}
     bool UseLargePagesIndividualAllocation        = false                                  {pd product} {ergonomic}
     bool UseParallelGC                            = true                                      {product} {command line}

Logging:
Log output configuration:
 #0: stdout all=off uptime,level,tags
 #1: stderr all=off uptime,level,tags

Environment Variables:
JAVA_HOME=C:\Program Files\Java\jdk-17
PATH=C:\Program Files\Common Files\Oracle\Java\javapath;C:\Windows\system32;C:\Windows;C:\Windows\System32\Wbem;C:\Windows\System32\WindowsPowerShell\v1.0\;C:\Windows\System32\OpenSSH\;C:\Program Files (x86)\NVIDIA Corporation\PhysX\Common;C:\Program Files\NVIDIA Corporation\NVIDIA NvDLISR;C:\Program Files\Java\jdk-17\bin;C:\Program Files\dotnet\;C:\Users\deyvi\apache-maven-3.9.0\bin;C:\Program Files\Git\cmd;C:\Users\deyvi\AppData\Local\Microsoft\WindowsApps;C:\Users\deyvi\AppData\Local\Programs\Microsoft VS Code\bin;C:\Users\deyvi\apache-maven-3.9.0\bin;
USERNAME=deyvi
OS=Windows_NT
PROCESSOR_IDENTIFIER=Intel64 Family 6 Model 165 Stepping 2, GenuineIntel



---------------  S Y S T E M  ---------------

OS:
 Windows 10 , 64 bit Build 19041 (10.0.19041.3031)
OS uptime: 4 days 23:37 hours

CPU: total 8 (initial active 8) (4 cores per cpu, 2 threads per core) family 6 model 165 stepping 2 microcode 0xf4, cx8, cmov, fxsr, ht, mmx, 3dnowpref, sse, sse2, sse3, ssse3, sse4.1, sse4.2, popcnt, lzcnt, tsc, tscinvbit, avx, avx2, aes, erms, clmul, bmi1, bmi2, adx, fma, vzeroupper, clflush, clflushopt

Memory: 4k page, system-wide physical 7985M (553M free)
TotalPageFile size 31609M (AvailPageFile size 1411M)
current process WorkingSet (physical memory assigned to process): 18M, peak: 339M
current process commit charge ("private bytes"): 359M, peak: 400M

vm_info: Java HotSpot(TM) 64-Bit Server VM (17.0.6+9-LTS-190) for windows-amd64 JRE (17.0.6+9-LTS-190), built on Dec  6 2022 15:53:54 by "mach5one" with MS VC++ 17.1 (VS2022)

END.
